Arguments: 
  /Users/deb/.nvm/versions/node/v16.20.0/bin/node /opt/homebrew/Cellar/yarn/1.22.19/libexec/bin/yarn.js add axios

PATH: 
  /Users/deb/.nvm/versions/node/v16.20.0/bin:/opt/homebrew/bin:/opt/homebrew/sbin:/usr/local/bin:/System/Cryptexes/App/usr/bin:/usr/bin:/bin:/usr/sbin:/sbin:/Library/Apple/usr/bin:/Users/deb/.nvm/versions/node/v16.20.0/bin:/opt/homebrew/bin:/opt/homebrew/sbin

Yarn version: 
  1.22.19

Node version: 
  16.20.0

Platform: 
  darwin arm64

Trace: 
  SyntaxError: /Users/deb/Documents/Projects/http-api/package.json: Unexpected end of JSON input
      at JSON.parse (<anonymous>)
      at /opt/homebrew/Cellar/yarn/1.22.19/libexec/lib/cli.js:1629:59
      at Generator.next (<anonymous>)
      at step (/opt/homebrew/Cellar/yarn/1.22.19/libexec/lib/cli.js:310:30)
      at /opt/homebrew/Cellar/yarn/1.22.19/libexec/lib/cli.js:321:13

npm manifest: 
  

yarn manifest: 
  No manifest

Lockfile: 
  No lockfile
